<?xml version="1.0" encoding="UTF-8"?>
<testng-results skipped="0" failed="0" ignored="0" total="1" passed="1">
  <reporter-output>
  </reporter-output>
  <suite name="Default suite" duration-ms="3370" started-at="2019-03-12T19:05:25Z" finished-at="2019-03-12T19:05:28Z">
    <groups>
    </groups>
    <test name="Default test" duration-ms="3370" started-at="2019-03-12T19:05:25Z" finished-at="2019-03-12T19:05:28Z">
      <class name="testCases.TCS_001">
        <test-method status="PASS" signature="testcases01()[pri:0, instance:testCases.TCS_001@28d25987]" name="testcases01" duration-ms="3351" started-at="2019-03-12T12:05:25Z" finished-at="2019-03-12T12:05:28Z">
          <reporter-output>
          </reporter-output>
        </test-method> <!-- testcases01 -->
      </class> <!-- testCases.TCS_001 -->
    </test> <!-- Default test -->
  </suite> <!-- Default suite -->
</testng-results>
